<?xml version="1.0" encoding="UTF-8"?>
<!-- Generated by org.testng.reporters.JUnitReportReporter -->
<testsuite hostname="W101FWYLH2" name="com.apitest.NewTest" tests="1" failures="0" timestamp="27 Feb 2020 19:42:44 GMT" time="3.189" errors="0">
  <testcase name="validate200Ok" time="3.189" classname="com.apitest.NewTest"/>
</testsuite> <!-- com.apitest.NewTest -->
